<?xml version="1.0" encoding="UTF-8"?>
<!-- Generated by org.testng.reporters.JUnitReportReporter -->
<testsuite name="com.testcases.Day3" tests="1" time="2.624" ignored="0" failures="0" timestamp="20 Apr 2018 04:37:42 GMT" skipped="0" hostname="William-PC" errors="0">
  <testcase name="test" time="2.624" classname="com.testcases.Day3"/>
</testsuite> <!-- com.testcases.Day3 -->
