<?xml version="1.0" encoding="UTF-8"?>
<!-- Generated by org.testng.reporters.JUnitReportReporter -->
<testsuite name="com.testcases.Day5" tests="1" time="2.617" ignored="0" failures="0" timestamp="20 Apr 2018 04:37:42 GMT" skipped="0" hostname="William-PC" errors="0">
  <testcase name="test" time="2.617" classname="com.testcases.Day5"/>
</testsuite> <!-- com.testcases.Day5 -->
